From ('192.168.0.179', 63841) received 226 bytes : 7605004001236200620072630101760107ffffffffffff05001555b60b0a014c475a0003821dd87262016500155da8016338700076050040012462006200726307017707ffffffffffff0b0a014c475a0003821dd8070100620affff7262016500155da874770701006032010101010101044c475a0177070100600100ff010101010b0a014c475a0003821dd80177070100010800ff65001d19047262016500155da8621e52ff6900000000000fd9f20177070100100700ff0101621b520059ffffffffffffffbd010101634a530076050040012562006200726302017101635117
SML file (3 SML messages, 227 bytes)
SML message  101
SML message  701
SML message  201
OBIS data
1-0:96.50.1*1#LGZ#
1-0:96.1.0*255#0a 01 4c 47 5a 00 03 82 1d d8 #
1-0:1.8.0*255#103883.4#Wh
1-0:16.7.0*255#-67#W

From ('192.168.0.179', 63841) received 226 bytes : 7605004001266200620072630101760107ffffffffffff05001555b70b0a014c475a0003821dd87262016500155da9016349860076050040012762006200726307017707ffffffffffff0b0a014c475a0003821dd8070100620affff7262016500155da974770701006032010101010101044c475a0177070100600100ff010101010b0a014c475a0003821dd80177070100010800ff65001d19047262016500155da9621e52ff6900000000000fd9f20177070100100700ff0101621b520059ffffffffffffffbc010101638a8f0076050040012862006200726302017101633fa0
SML file (3 SML messages, 227 bytes)
SML message  101
SML message  701
SML message  201
OBIS data
1-0:96.50.1*1#LGZ#
1-0:96.1.0*255#0a 01 4c 47 5a 00 03 82 1d d8 #
1-0:1.8.0*255#103883.4#Wh
1-0:16.7.0*255#-68#W

From ('192.168.0.179', 63841) received 226 bytes : 7605004001296200620072630101760107ffffffffffff05001555b80b0a014c475a0003821dd87262016500155daa01630afa0076050040012a62006200726307017707ffffffffffff0b0a014c475a0003821dd8070100620affff7262016500155daa74770701006032010101010101044c475a0177070100600100ff010101010b0a014c475a0003821dd80177070100010800ff65001d19047262016500155daa621e52ff6900000000000fd9f20177070100100700ff0101621b520059ffffffffffffffc301010163918a0076050040012b62006200726302017101638c5e
SML file (3 SML messages, 227 bytes)
SML message  101
SML message  701
SML message  201
OBIS data
1-0:96.50.1*1#LGZ#
1-0:96.1.0*255#0a 01 4c 47 5a 00 03 82 1d d8 #
1-0:1.8.0*255#103883.4#Wh
1-0:16.7.0*255#-61#W

From ('192.168.0.179', 63841) received 226 bytes : 7605004001356200620072630101760107ffffffffffff05001555bc0b0a014c475a0003821dd87262016500155dae0163ee5d0076050040013662006200726307017707ffffffffffff0b0a014c475a0003821dd8070100620affff7262016500155dae74770701006032010101010101044c475a0177070100600100ff010101010b0a014c475a0003821dd80177070100010800ff65001c11047262016500155dae621e52ff6900000000000fd9f20177070100100700ff0101621b520059000000000000002801010163001a00760500400137620062007263020171016336cd
SML file (3 SML messages, 227 bytes)
SML message  101
SML message  701
SML message  201
OBIS data
1-0:96.50.1*1#LGZ#
1-0:96.1.0*255#0a 01 4c 47 5a 00 03 82 1d d8 #
1-0:1.8.0*255#103883.4#Wh
1-0:16.7.0*255#40#W
From ('192.168.0.179', 63841) received 226 bytes : 7605004001386200620072630101760107ffffffffffff05001555bd0b0a014c475a0003821dd87262016500155daf01638ccd0076050040013962006200726307017707ffffffffffff0b0a014c475a0003821dd8070100620affff7262016500155daf74770701006032010101010101044c475a0177070100600100ff010101010b0a014c475a0003821dd80177070100010800ff65001c11047262016500155daf621e52ff6900000000000fd9f20177070100100700ff0101621b520059000000000000002101010163b6500076050040013a6200620072630201710163587a
SML file (3 SML messages, 227 bytes)
SML message  101
SML message  701
SML message  201
OBIS data
1-0:96.50.1*1#LGZ#
1-0:96.1.0*255#0a 01 4c 47 5a 00 03 82 1d d8 #
1-0:1.8.0*255#103883.4#Wh
1-0:16.7.0*255#33#W
From ('192.168.0.179', 63841) received 226 bytes : 76050040013b6200620072630101760107ffffffffffff05001555be0b0a014c475a0003821dd87262016500155db001632d320076050040013c62006200726307017707ffffffffffff0b0a014c475a0003821dd8070100620affff7262016500155db074770701006032010101010101044c475a0177070100600100ff010101010b0a014c475a0003821dd80177070100010800ff65001c11047262016500155db0621e52ff6900000000000fd9f20177070100100700ff0101621b520059000000000000001c0101016311c00076050040013d6200620072630201710163beda
SML file (3 SML messages, 227 bytes)
SML message  101
SML message  701
SML message  201
OBIS data
1-0:96.50.1*1#LGZ#
1-0:96.1.0*255#0a 01 4c 47 5a 00 03 82 1d d8 #
1-0:1.8.0*255#103883.4#Wh
1-0:16.7.0*255#28#W
From ('192.168.0.179', 63841) received 226 bytes : 76050040013e6200620072630101760107ffffffffffff05001555bf0b0a014c475a0003821dd87262016500155db101635cc40076050040013f62006200726307017707ffffffffffff0b0a014c475a0003821dd8070100620affff7262016500155db174770701006032010101010101044c475a0177070100600100ff010101010b0a014c475a0003821dd80177070100010800ff65001c11047262016500155db1621e52ff6900000000000fd9f20177070100100700ff0101621b520059000000000000000201010163896d0076050040014062006200726302017101631a33
SML file (3 SML messages, 227 bytes)
SML message  101
SML message  701
SML message  201
OBIS data
1-0:96.50.1*1#LGZ#
1-0:96.1.0*255#0a 01 4c 47 5a 00 03 82 1d d8 #
1-0:1.8.0*255#103883.4#Wh
1-0:16.7.0*255#2#W
From ('192.168.0.179', 63841) received 226 bytes : 7605004001416200620072630101760107ffffffffffff05001555c00b0a014c475a0003821dd87262016500155db2016307cc0076050040014262006200726307017707ffffffffffff0b0a014c475a0003821dd8070100620affff7262016500155db274770701006032010101010101044c475a0177070100600100ff010101010b0a014c475a0003821dd80177070100010800ff65001d19047262016500155db2621e52ff6900000000000fd9f20177070100100700ff0101621b520059fffffffffffffffc01010163d521007605004001436200620072630201710163a9cd
SML file (3 SML messages, 227 bytes)
SML message  101
SML message  701
SML message  201
OBIS data
1-0:96.50.1*1#LGZ#
1-0:96.1.0*255#0a 01 4c 47 5a 00 03 82 1d d8 #
1-0:1.8.0*255#103883.4#Wh
1-0:16.7.0*255#-4#W
From ('192.168.0.179', 63841) received 226 bytes : 7605004001446200620072630101760107ffffffffffff05001555c10b0a014c475a0003821dd87262016500155db30163763a0076050040014562006200726307017707ffffffffffff0b0a014c475a0003821dd8070100620affff7262016500155db374770701006032010101010101044c475a0177070100600100ff010101010b0a014c475a0003821dd80177070100010800ff65001d19047262016500155db3621e52ff6900000000000fd9f20177070100100700ff0101621b520059fffffffffffffff7010101632ef70076050040014662006200726302017101636dc6
SML file (3 SML messages, 227 bytes)
SML message  101
SML message  701
SML message  201
OBIS data
1-0:96.50.1*1#LGZ#
1-0:96.1.0*255#0a 01 4c 47 5a 00 03 82 1d d8 #
1-0:1.8.0*255#103883.4#Wh
1-0:16.7.0*255#-9#W
From ('192.168.0.179', 63841) received 226 bytes : 7605004001476200620072630101760107ffffffffffff05001555c20b0a014c475a0003821dd87262016500155db40163869e0076050040014862006200726307017707ffffffffffff0b0a014c475a0003821dd8070100620affff7262016500155db474770701006032010101010101044c475a0177070100600100ff010101010b0a014c475a0003821dd80177070100010800ff65001d19047262016500155db4621e52ff6900000000000fd9f20177070100100700ff0101621b520059000000000000000001010163146800760500400149620062007263020171016321da
SML file (3 SML messages, 227 bytes)
SML message  101
SML message  701
SML message  201
OBIS data
1-0:96.50.1*1#LGZ#
1-0:96.1.0*255#0a 01 4c 47 5a 00 03 82 1d d8 #
1-0:1.8.0*255#103883.4#Wh
1-0:16.7.0*255#0#W
From ('192.168.0.179', 63841) received 226 bytes : 76050040014a6200620072630101760107ffffffffffff05001555c30b0a014c475a0003821dd87262016500155db50163e40e0076050040014b62006200726307017707ffffffffffff0b0a014c475a0003821dd8070100620affff7262016500155db574770701006032010101010101044c475a0177070100600100ff010101010b0a014c475a0003821dd80177070100010800ff65001c11047262016500155db5621e52ff6900000000000fd9f20177070100100700ff0101621b5200590000000000000000010101633f2f0076050040014c6200620072630201710163e5d1
SML file (3 SML messages, 227 bytes)
SML message  101
SML message  701
SML message  201
OBIS data
1-0:96.50.1*1#LGZ#
1-0:96.1.0*255#0a 01 4c 47 5a 00 03 82 1d d8 #
1-0:1.8.0*255#103883.4#Wh
1-0:16.7.0*255#0#W
From ('192.168.0.179', 63841) received 226 bytes : 76050040014d6200620072630101760107ffffffffffff05001555c40b0a014c475a0003821dd87262016500155db60163c5a70076050040014e62006200726307017707ffffffffffff0b0a014c475a0003821dd8070100620affff7262016500155db674770701006032010101010101044c475a0177070100600100ff010101010b0a014c475a0003821dd80177070100010800ff65001d19047262016500155db6621e52ff6900000000000fd9f20177070100100700ff0101621b520059ffffffffffffffef0101016366de0076050040014f6200620072630201710163562f
SML file (3 SML messages, 227 bytes)
SML message  101
SML message  701
SML message  201
OBIS data
1-0:96.50.1*1#LGZ#
1-0:96.1.0*255#0a 01 4c 47 5a 00 03 82 1d d8 #
1-0:1.8.0*255#103883.4#Wh
1-0:16.7.0*255#-17#W
From ('192.168.0.179', 63841) received 226 bytes : 7605004001506200620072630101760107ffffffffffff05001555c50b0a014c475a0003821dd87262016500155db7016381fb0076050040015162006200726307017707ffffffffffff0b0a014c475a0003821dd8070100620affff7262016500155db774770701006032010101010101044c475a0177070100600100ff010101010b0a014c475a0003821dd80177070100010800ff65001d19047262016500155db7621e52ff6900000000000fd9f20177070100100700ff0101621b520059fffffffffffffff0010101638c5e0076050040015262006200726302017101637de9
SML file (3 SML messages, 227 bytes)
SML message  101
SML message  701
SML message  201
OBIS data
1-0:96.50.1*1#LGZ#
1-0:96.1.0*255#0a 01 4c 47 5a 00 03 82 1d d8 #
1-0:1.8.0*255#103883.4#Wh
1-0:16.7.0*255#-16#W
From ('192.168.0.179', 63841) received 226 bytes : 7605004001536200620072630101760107ffffffffffff05001555c60b0a014c475a0003821dd87262016500155db80163b1910076050040015462006200726307017707ffffffffffff0b0a014c475a0003821dd8070100620affff7262016500155db874770701006032010101010101044c475a0177070100600100ff010101010b0a014c475a0003821dd80177070100010800ff65001d19047262016500155db8621e52ff6900000000000fd9f20177070100100700ff0101621b520059ffffffffffffffed01010163ade00076050040015562006200726302017101639b49
SML file (3 SML messages, 227 bytes)
SML message  101
SML message  701
SML message  201
OBIS data
1-0:96.50.1*1#LGZ#
1-0:96.1.0*255#0a 01 4c 47 5a 00 03 82 1d d8 #
1-0:1.8.0*255#103883.4#Wh
1-0:16.7.0*255#-19#W
From ('192.168.0.179', 63841) received 226 bytes : 7605004001566200620072630101760107ffffffffffff05001555c70b0a014c475a0003821dd87262016500155db90163c0670076050040015762006200726307017707ffffffffffff0b0a014c475a0003821dd8070100620affff7262016500155db974770701006032010101010101044c475a0177070100600100ff010101010b0a014c475a0003821dd80177070100010800ff65001d19047262016500155db9621e52ff6900000000000fd9f20177070100100700ff0101621b520059ffffffffffffffbf01010163b6cc007605004001586200620072630201710163f5fe
SML file (3 SML messages, 227 bytes)
SML message  101
SML message  701
SML message  201
OBIS data
1-0:96.50.1*1#LGZ#
1-0:96.1.0*255#0a 01 4c 47 5a 00 03 82 1d d8 #
1-0:1.8.0*255#103883.4#Wh
1-0:16.7.0*255#-65#W
