From ('192.168.0.179', 63841) received 226 bytes : 7605004001356200620072630101760107ffffffffffff05001555bc0b0a014c475a0003821dd87262016500155dae0163ee5d0076050040013662006200726307017707ffffffffffff0b0a014c475a0003821dd8070100620affff7262016500155dae74770701006032010101010101044c475a0177070100600100ff010101010b0a014c475a0003821dd80177070100010800ff65001c11047262016500155dae621e52ff6900000000000fd9f20177070100100700ff0101621b520059000000000000002801010163001a00760500400137620062007263020171016336cd
SML file (3 SML messages, 227 bytes)
SML message  101
SML message  701
SML message  201
OBIS data
1-0:96.50.1*1#LGZ#
1-0:96.1.0*255#0a 01 4c 47 5a 00 03 82 1d d8 #
1-0:1.8.0*255#103883.4#Wh
1-0:16.7.0*255#40#W

From ('192.168.0.179', 63841) received 226 bytes : 7605004001386200620072630101760107ffffffffffff05001555bd0b0a014c475a0003821dd87262016500155daf01638ccd0076050040013962006200726307017707ffffffffffff0b0a014c475a0003821dd8070100620affff7262016500155daf74770701006032010101010101044c475a0177070100600100ff010101010b0a014c475a0003821dd80177070100010800ff65001c11047262016500155daf621e52ff6900000000000fd9f20177070100100700ff0101621b520059000000000000002101010163b6500076050040013a6200620072630201710163587a
SML file (3 SML messages, 227 bytes)
SML message  101
SML message  701
SML message  201
OBIS data
1-0:96.50.1*1#LGZ#
1-0:96.1.0*255#0a 01 4c 47 5a 00 03 82 1d d8 #
1-0:1.8.0*255#103883.4#Wh
1-0:16.7.0*255#33#W
